2024-06-25 09:13:46.890 [info] Log level: Info
2024-06-25 09:13:46.891 [info] Validating found git in: "git"
2024-06-25 09:13:46.891 [info] Using git "2.34.1" from "git"
2024-06-25 09:13:46.891 [info] > git rev-parse --show-toplevel [16ms]
2024-06-25 09:13:46.891 [info] fatal: not a git repository (or any of the parent directories): .git
2024-06-25 09:13:46.892 [info] > git rev-parse --show-toplevel [13ms]
2024-06-25 09:13:46.892 [info] fatal: not a git repository (or any of the parent directories): .git
2024-06-25 09:13:46.915 [info] > git rev-parse --show-toplevel [10ms]
2024-06-25 09:13:46.919 [info] fatal: not a git repository (or any of the parent directories): .git
2024-06-25 09:13:46.973 [info] > git rev-parse --show-toplevel [6ms]
2024-06-25 09:13:46.973 [info] fatal: not a git repository (or any of the parent directories): .git
2024-06-25 09:13:46.982 [info] > git rev-parse --show-toplevel [1ms]
2024-06-25 09:13:46.987 [info] fatal: not a git repository (or any of the parent directories): .git
2024-06-25 09:13:46.995 [info] > git rev-parse --show-toplevel [2ms]
2024-06-25 09:13:46.996 [info] fatal: not a git repository (or any of the parent directories): .git
2024-06-25 09:13:47.006 [info] > git rev-parse --show-toplevel [1ms]
2024-06-25 09:13:47.006 [info] fatal: not a git repository (or any of the parent directories): .git
2024-06-25 09:13:47.035 [info] > git rev-parse --show-toplevel [5ms]
2024-06-25 09:13:47.035 [info] fatal: not a git repository (or any of the parent directories): .git
2024-06-25 09:13:47.055 [info] > git rev-parse --show-toplevel [13ms]
2024-06-25 09:13:47.055 [info] fatal: not a git repository (or any of the parent directories): .git
2024-06-25 09:19:49.035 [info] > git rev-parse --show-toplevel [1ms]
2024-06-25 09:19:49.035 [info] fatal: not a git repository (or any of the parent directories): .git
2024-06-25 09:22:28.678 [info] > git rev-parse --show-toplevel [2ms]
2024-06-25 09:22:28.678 [info] fatal: not a git repository (or any of the parent directories): .git
2024-06-25 09:23:48.433 [info] > git rev-parse --show-toplevel [2ms]
2024-06-25 09:23:48.435 [info] fatal: not a git repository (or any of the parent directories): .git
2024-06-25 09:23:53.144 [info] > git rev-parse --show-toplevel [1ms]
2024-06-25 09:23:53.144 [info] fatal: not a git repository (or any of the parent directories): .git
2024-06-25 09:25:08.328 [info] > git rev-parse --show-toplevel [1ms]
2024-06-25 09:25:08.328 [info] fatal: not a git repository (or any of the parent directories): .git
2024-06-25 09:25:41.183 [info] > git rev-parse --show-toplevel [2ms]
2024-06-25 09:25:41.183 [info] fatal: not a git repository (or any of the parent directories): .git
2024-06-25 09:26:50.582 [info] > git rev-parse --show-toplevel [1ms]
2024-06-25 09:26:50.582 [info] fatal: not a git repository (or any of the parent directories): .git
2024-06-25 09:27:16.284 [info] > git rev-parse --show-toplevel [4ms]
2024-06-25 09:27:16.284 [info] fatal: not a git repository (or any of the parent directories): .git
2024-06-25 09:27:23.082 [info] > git rev-parse --show-toplevel [2ms]
2024-06-25 09:27:23.082 [info] fatal: not a git repository (or any of the parent directories): .git
2024-06-25 09:27:26.159 [info] > git rev-parse --show-toplevel [1ms]
2024-06-25 09:27:26.159 [info] fatal: not a git repository (or any of the parent directories): .git
2024-06-25 09:27:44.650 [info] > git rev-parse --show-toplevel [2ms]
2024-06-25 09:27:44.650 [info] fatal: not a git repository (or any of the parent directories): .git
2024-06-25 09:28:09.614 [info] > git rev-parse --show-toplevel [2ms]
2024-06-25 09:28:09.615 [info] fatal: not a git repository (or any of the parent directories): .git
2024-06-25 09:28:37.317 [info] > git rev-parse --show-toplevel [1ms]
2024-06-25 09:28:37.317 [info] fatal: not a git repository (or any of the parent directories): .git
2024-06-25 09:28:59.685 [info] > git rev-parse --show-toplevel [1ms]
2024-06-25 09:28:59.685 [info] fatal: not a git repository (or any of the parent directories): .git
2024-06-25 09:29:03.026 [info] > git rev-parse --show-toplevel [3ms]
2024-06-25 09:29:03.026 [info] fatal: not a git repository (or any of the parent directories): .git
2024-06-25 09:29:04.700 [info] > git rev-parse --show-toplevel [2ms]
2024-06-25 09:29:04.700 [info] fatal: not a git repository (or any of the parent directories): .git
2024-06-25 09:29:41.899 [info] > git rev-parse --show-toplevel [5ms]
2024-06-25 09:29:41.899 [info] fatal: not a git repository (or any of the parent directories): .git
2024-06-25 09:30:58.697 [info] > git rev-parse --show-toplevel [2ms]
2024-06-25 09:30:58.697 [info] fatal: not a git repository (or any of the parent directories): .git
2024-06-25 09:31:15.513 [info] > git rev-parse --show-toplevel [1ms]
2024-06-25 09:31:15.513 [info] fatal: not a git repository (or any of the parent directories): .git
2024-06-25 09:31:22.634 [info] > git rev-parse --show-toplevel [7ms]
2024-06-25 09:31:22.634 [info] fatal: not a git repository (or any of the parent directories): .git
2024-06-25 09:32:26.803 [info] > git rev-parse --show-toplevel [3ms]
2024-06-25 09:32:26.803 [info] fatal: not a git repository (or any of the parent directories): .git
2024-06-25 09:32:27.660 [info] > git rev-parse --show-toplevel [1ms]
2024-06-25 09:32:27.660 [info] fatal: not a git repository (or any of the parent directories): .git
2024-06-25 09:32:51.894 [info] > git rev-parse --show-toplevel [2ms]
2024-06-25 09:32:51.894 [info] fatal: not a git repository (or any of the parent directories): .git
2024-06-25 09:33:26.832 [info] > git rev-parse --show-toplevel [3ms]
2024-06-25 09:33:26.832 [info] fatal: not a git repository (or any of the parent directories): .git
2024-06-25 09:35:06.351 [info] > git rev-parse --show-toplevel [3ms]
2024-06-25 09:35:06.351 [info] fatal: not a git repository (or any of the parent directories): .git
2024-06-25 09:35:49.530 [info] > git rev-parse --show-toplevel [3ms]
2024-06-25 09:35:49.530 [info] fatal: not a git repository (or any of the parent directories): .git
2024-06-25 09:37:17.864 [info] > git rev-parse --show-toplevel [2ms]
2024-06-25 09:37:17.864 [info] fatal: not a git repository (or any of the parent directories): .git
2024-06-25 09:38:49.205 [info] > git rev-parse --show-toplevel [1ms]
2024-06-25 09:38:49.205 [info] fatal: not a git repository (or any of the parent directories): .git
2024-06-25 09:39:01.765 [info] > git rev-parse --show-toplevel [3ms]
2024-06-25 09:39:01.766 [info] fatal: not a git repository (or any of the parent directories): .git
2024-06-25 09:39:05.491 [info] > git rev-parse --show-toplevel [7ms]
2024-06-25 09:39:05.491 [info] fatal: not a git repository (or any of the parent directories): .git
2024-06-25 09:39:09.124 [info] > git rev-parse --show-toplevel [1ms]
2024-06-25 09:39:09.125 [info] fatal: not a git repository (or any of the parent directories): .git
2024-06-25 09:39:41.450 [info] > git rev-parse --show-toplevel [1ms]
2024-06-25 09:39:41.450 [info] fatal: not a git repository (or any of the parent directories): .git
2024-06-25 09:39:56.774 [info] > git rev-parse --show-toplevel [3ms]
2024-06-25 09:39:56.774 [info] fatal: not a git repository (or any of the parent directories): .git
2024-06-25 09:40:04.079 [info] > git rev-parse --show-toplevel [2ms]
2024-06-25 09:40:04.079 [info] fatal: not a git repository (or any of the parent directories): .git
2024-06-25 09:40:08.240 [info] > git rev-parse --show-toplevel [2ms]
2024-06-25 09:40:08.240 [info] fatal: not a git repository (or any of the parent directories): .git
2024-06-25 09:40:14.160 [info] > git rev-parse --show-toplevel [3ms]
2024-06-25 09:40:14.160 [info] fatal: not a git repository (or any of the parent directories): .git
2024-06-25 09:40:20.912 [info] > git rev-parse --show-toplevel [5ms]
2024-06-25 09:40:20.912 [info] fatal: not a git repository (or any of the parent directories): .git
2024-06-25 09:40:30.266 [info] > git rev-parse --show-toplevel [3ms]
2024-06-25 09:40:30.266 [info] fatal: not a git repository (or any of the parent directories): .git
2024-06-25 09:47:35.122 [info] > git rev-parse --show-toplevel [2ms]
2024-06-25 09:47:35.122 [info] fatal: not a git repository (or any of the parent directories): .git
2024-06-25 09:47:38.052 [info] > git rev-parse --show-toplevel [16ms]
2024-06-25 09:47:38.052 [info] fatal: not a git repository (or any of the parent directories): .git
2024-06-25 09:50:33.127 [info] > git rev-parse --show-toplevel [3ms]
2024-06-25 09:50:33.127 [info] fatal: not a git repository (or any of the parent directories): .git
2024-06-25 09:50:38.889 [info] > git rev-parse --show-toplevel [2ms]
2024-06-25 09:50:38.889 [info] fatal: not a git repository (or any of the parent directories): .git
2024-06-25 09:50:49.529 [info] > git rev-parse --show-toplevel [2ms]
2024-06-25 09:50:49.529 [info] fatal: not a git repository (or any of the parent directories): .git
2024-06-25 09:53:31.829 [info] > git rev-parse --show-toplevel [3ms]
2024-06-25 09:53:31.829 [info] fatal: not a git repository (or any of the parent directories): .git
2024-06-25 09:58:07.222 [info] > git rev-parse --show-toplevel [6ms]
2024-06-25 09:58:07.222 [info] fatal: not a git repository (or any of the parent directories): .git
2024-06-25 09:58:15.920 [info] > git rev-parse --show-toplevel [2ms]
2024-06-25 09:58:15.920 [info] fatal: not a git repository (or any of the parent directories): .git
2024-06-25 10:01:47.527 [info] > git rev-parse --show-toplevel [5ms]
2024-06-25 10:01:47.527 [info] fatal: not a git repository (or any of the parent directories): .git
2024-06-25 10:17:32.289 [info] > git rev-parse --show-toplevel [1ms]
2024-06-25 10:17:32.290 [info] fatal: not a git repository (or any of the parent directories): .git
2024-06-25 10:17:44.359 [info] > git rev-parse --show-toplevel [3ms]
2024-06-25 10:17:44.359 [info] fatal: not a git repository (or any of the parent directories): .git
2024-06-25 10:17:50.992 [info] > git rev-parse --show-toplevel [1ms]
2024-06-25 10:17:50.992 [info] fatal: not a git repository (or any of the parent directories): .git
2024-06-25 10:19:08.513 [info] > git rev-parse --show-toplevel [2ms]
2024-06-25 10:19:08.513 [info] fatal: not a git repository (or any of the parent directories): .git
2024-06-25 10:19:09.612 [info] > git rev-parse --show-toplevel [2ms]
2024-06-25 10:19:09.612 [info] fatal: not a git repository (or any of the parent directories): .git
2024-06-25 10:19:15.729 [info] > git rev-parse --show-toplevel [1ms]
2024-06-25 10:19:15.729 [info] fatal: not a git repository (or any of the parent directories): .git
2024-06-25 10:19:20.257 [info] > git rev-parse --show-toplevel [2ms]
2024-06-25 10:19:20.257 [info] fatal: not a git repository (or any of the parent directories): .git
2024-06-25 10:19:23.917 [info] > git rev-parse --show-toplevel [5ms]
2024-06-25 10:19:23.917 [info] fatal: not a git repository (or any of the parent directories): .git
2024-06-25 10:19:26.808 [info] > git rev-parse --show-toplevel [2ms]
2024-06-25 10:19:26.808 [info] fatal: not a git repository (or any of the parent directories): .git
2024-06-25 10:19:28.194 [info] > git rev-parse --show-toplevel [2ms]
2024-06-25 10:19:28.194 [info] fatal: not a git repository (or any of the parent directories): .git
2024-06-25 10:19:29.236 [info] > git rev-parse --show-toplevel [4ms]
2024-06-25 10:19:29.236 [info] fatal: not a git repository (or any of the parent directories): .git
2024-06-25 10:19:33.031 [info] > git rev-parse --show-toplevel [1ms]
2024-06-25 10:19:33.031 [info] fatal: not a git repository (or any of the parent directories): .git
2024-06-25 10:19:33.993 [info] > git rev-parse --show-toplevel [6ms]
2024-06-25 10:19:33.993 [info] fatal: not a git repository (or any of the parent directories): .git
2024-06-25 10:19:39.555 [info] > git rev-parse --show-toplevel [3ms]
2024-06-25 10:19:39.555 [info] fatal: not a git repository (or any of the parent directories): .git
2024-06-25 10:19:40.122 [info] > git rev-parse --show-toplevel [2ms]
2024-06-25 10:19:40.122 [info] fatal: not a git repository (or any of the parent directories): .git
2024-06-25 10:19:44.324 [info] > git rev-parse --show-toplevel [2ms]
2024-06-25 10:19:44.324 [info] fatal: not a git repository (or any of the parent directories): .git
2024-06-25 10:20:01.885 [info] > git rev-parse --show-toplevel [4ms]
2024-06-25 10:20:01.885 [info] fatal: not a git repository (or any of the parent directories): .git
2024-06-25 10:20:15.933 [info] > git rev-parse --show-toplevel [4ms]
2024-06-25 10:20:15.933 [info] fatal: not a git repository (or any of the parent directories): .git
2024-06-25 10:20:17.498 [info] > git rev-parse --show-toplevel [2ms]
2024-06-25 10:20:17.498 [info] fatal: not a git repository (or any of the parent directories): .git
2024-06-25 10:20:20.266 [info] > git rev-parse --show-toplevel [22ms]
2024-06-25 10:20:20.267 [info] fatal: not a git repository (or any of the parent directories): .git
2024-06-25 10:20:22.170 [info] > git rev-parse --show-toplevel [5ms]
2024-06-25 10:20:22.171 [info] fatal: not a git repository (or any of the parent directories): .git
2024-06-25 10:20:24.962 [info] > git rev-parse --show-toplevel [3ms]
2024-06-25 10:20:24.962 [info] fatal: not a git repository (or any of the parent directories): .git
2024-06-25 10:20:34.032 [info] > git rev-parse --show-toplevel [3ms]
2024-06-25 10:20:34.032 [info] fatal: not a git repository (or any of the parent directories): .git
2024-06-25 10:20:36.109 [info] > git rev-parse --show-toplevel [2ms]
2024-06-25 10:20:36.110 [info] fatal: not a git repository (or any of the parent directories): .git
2024-06-25 10:20:37.936 [info] > git rev-parse --show-toplevel [3ms]
2024-06-25 10:20:37.936 [info] fatal: not a git repository (or any of the parent directories): .git
2024-06-25 10:20:46.043 [info] > git rev-parse --show-toplevel [1ms]
2024-06-25 10:20:46.043 [info] fatal: not a git repository (or any of the parent directories): .git
2024-06-25 10:20:47.961 [info] > git rev-parse --show-toplevel [1ms]
2024-06-25 10:20:47.961 [info] fatal: not a git repository (or any of the parent directories): .git
2024-06-25 10:20:49.730 [info] > git rev-parse --show-toplevel [4ms]
2024-06-25 10:20:49.730 [info] fatal: not a git repository (or any of the parent directories): .git
2024-06-25 10:20:51.250 [info] > git rev-parse --show-toplevel [3ms]
2024-06-25 10:20:51.250 [info] fatal: not a git repository (or any of the parent directories): .git
2024-06-25 10:20:53.067 [info] > git rev-parse --show-toplevel [2ms]
2024-06-25 10:20:53.067 [info] fatal: not a git repository (or any of the parent directories): .git
2024-06-25 10:20:54.510 [info] > git rev-parse --show-toplevel [2ms]
2024-06-25 10:20:54.511 [info] fatal: not a git repository (or any of the parent directories): .git
2024-06-25 10:32:44.940 [info] > git rev-parse --show-toplevel [1ms]
2024-06-25 10:32:44.940 [info] fatal: not a git repository (or any of the parent directories): .git
2024-06-25 10:36:23.768 [info] > git rev-parse --show-toplevel [4ms]
2024-06-25 10:36:23.768 [info] fatal: not a git repository (or any of the parent directories): .git
2024-06-25 10:36:27.453 [info] > git rev-parse --show-toplevel [2ms]
2024-06-25 10:36:27.453 [info] fatal: not a git repository (or any of the parent directories): .git
2024-06-25 10:49:05.818 [info] > git rev-parse --show-toplevel [1ms]
2024-06-25 10:49:05.818 [info] fatal: not a git repository (or any of the parent directories): .git
2024-06-25 10:49:11.526 [info] > git rev-parse --show-toplevel [1ms]
2024-06-25 10:49:11.526 [info] fatal: not a git repository (or any of the parent directories): .git
2024-06-25 10:50:22.003 [info] > git rev-parse --show-toplevel [2ms]
2024-06-25 10:50:22.003 [info] fatal: not a git repository (or any of the parent directories): .git
2024-06-25 10:51:53.663 [info] > git rev-parse --show-toplevel [2ms]
2024-06-25 10:51:53.663 [info] fatal: not a git repository (or any of the parent directories): .git
2024-06-25 10:51:57.351 [info] > git rev-parse --show-toplevel [1ms]
2024-06-25 10:51:57.351 [info] fatal: not a git repository (or any of the parent directories): .git
2024-06-25 10:52:49.487 [info] > git rev-parse --show-toplevel [3ms]
2024-06-25 10:52:49.487 [info] fatal: not a git repository (or any of the parent directories): .git
2024-06-25 10:52:55.313 [info] > git rev-parse --show-toplevel [1ms]
2024-06-25 10:52:55.313 [info] fatal: not a git repository (or any of the parent directories): .git
2024-06-25 10:53:13.842 [info] > git rev-parse --show-toplevel [1ms]
2024-06-25 10:53:13.842 [info] fatal: not a git repository (or any of the parent directories): .git
2024-06-25 10:53:16.710 [info] > git rev-parse --show-toplevel [5ms]
2024-06-25 10:53:16.710 [info] fatal: not a git repository (or any of the parent directories): .git
2024-06-25 10:53:41.488 [info] > git rev-parse --show-toplevel [2ms]
2024-06-25 10:53:41.488 [info] fatal: not a git repository (or any of the parent directories): .git
2024-06-25 10:53:48.468 [info] > git rev-parse --show-toplevel [2ms]
2024-06-25 10:53:48.468 [info] fatal: not a git repository (or any of the parent directories): .git
2024-06-25 10:54:15.989 [info] > git rev-parse --show-toplevel [4ms]
2024-06-25 10:54:15.990 [info] fatal: not a git repository (or any of the parent directories): .git
2024-06-25 10:54:18.231 [info] > git rev-parse --show-toplevel [0ms]
2024-06-25 10:54:18.231 [info] fatal: not a git repository (or any of the parent directories): .git
2024-06-25 10:54:56.402 [info] > git rev-parse --show-toplevel [4ms]
2024-06-25 10:54:56.402 [info] fatal: not a git repository (or any of the parent directories): .git
2024-06-25 10:54:57.685 [info] > git rev-parse --show-toplevel [3ms]
2024-06-25 10:54:57.685 [info] fatal: not a git repository (or any of the parent directories): .git
2024-06-25 10:55:12.187 [info] > git rev-parse --show-toplevel [6ms]
2024-06-25 10:55:12.187 [info] fatal: not a git repository (or any of the parent directories): .git
2024-06-25 10:55:18.965 [info] > git rev-parse --show-toplevel [2ms]
2024-06-25 10:55:18.965 [info] fatal: not a git repository (or any of the parent directories): .git
2024-06-25 10:55:28.648 [info] > git rev-parse --show-toplevel [1ms]
2024-06-25 10:55:28.648 [info] fatal: not a git repository (or any of the parent directories): .git
2024-06-25 10:55:31.535 [info] > git rev-parse --show-toplevel [6ms]
2024-06-25 10:55:31.535 [info] fatal: not a git repository (or any of the parent directories): .git
2024-06-25 10:55:54.063 [info] > git rev-parse --show-toplevel [2ms]
2024-06-25 10:55:54.063 [info] fatal: not a git repository (or any of the parent directories): .git
2024-06-25 10:56:15.888 [info] > git rev-parse --show-toplevel [1ms]
2024-06-25 10:56:15.888 [info] fatal: not a git repository (or any of the parent directories): .git
2024-06-25 10:57:38.690 [info] > git rev-parse --show-toplevel [1ms]
2024-06-25 10:57:38.690 [info] fatal: not a git repository (or any of the parent directories): .git
2024-06-25 10:58:20.121 [info] > git rev-parse --show-toplevel [14ms]
2024-06-25 10:58:20.121 [info] fatal: not a git repository (or any of the parent directories): .git
2024-06-25 10:58:36.450 [info] > git rev-parse --show-toplevel [2ms]
2024-06-25 10:58:36.450 [info] fatal: not a git repository (or any of the parent directories): .git
2024-06-25 10:58:38.715 [info] > git rev-parse --show-toplevel [1ms]
2024-06-25 10:58:38.715 [info] fatal: not a git repository (or any of the parent directories): .git
2024-06-25 10:59:24.462 [info] > git rev-parse --show-toplevel [4ms]
2024-06-25 10:59:24.462 [info] fatal: not a git repository (or any of the parent directories): .git
2024-06-25 10:59:26.978 [info] > git rev-parse --show-toplevel [7ms]
2024-06-25 10:59:26.982 [info] fatal: not a git repository (or any of the parent directories): .git
2024-06-25 11:11:29.680 [info] > git rev-parse --show-toplevel [2ms]
2024-06-25 11:11:29.681 [info] fatal: not a git repository (or any of the parent directories): .git
2024-06-25 11:11:50.190 [info] > git rev-parse --show-toplevel [1ms]
2024-06-25 11:11:50.190 [info] fatal: not a git repository (or any of the parent directories): .git
2024-06-25 11:12:08.548 [info] > git rev-parse --show-toplevel [1ms]
2024-06-25 11:12:08.548 [info] fatal: not a git repository (or any of the parent directories): .git
2024-06-25 11:12:28.321 [info] > git rev-parse --show-toplevel [1ms]
2024-06-25 11:12:28.321 [info] fatal: not a git repository (or any of the parent directories): .git
2024-06-25 11:12:37.766 [info] > git rev-parse --show-toplevel [3ms]
2024-06-25 11:12:37.766 [info] fatal: not a git repository (or any of the parent directories): .git
2024-06-25 11:14:13.172 [info] > git rev-parse --show-toplevel [1ms]
2024-06-25 11:14:13.178 [info] > git rev-parse --git-dir --git-common-dir [2ms]
2024-06-25 11:14:13.190 [info] Open repository: /home/ubuntu
2024-06-25 11:14:13.203 [info] No remotes found in the git config file.
2024-06-25 11:14:13.204 [info] > git config --get commit.template [7ms]
2024-06-25 11:14:13.209 [info] > git for-each-ref --format=%(refname)%00%(upstream:short)%00%(objectname)%00%(upstream:track)%00%(upstream:remotename)%00%(upstream:remoteref) refs/heads/master refs/remotes/master [7ms]
2024-06-25 11:14:13.209 [warning] No such branch: master.
2024-06-25 11:14:13.524 [info] > git status -z -uall [310ms]
2024-06-25 11:14:14.418 [info] > git config --get commit.template [19ms]
2024-06-25 11:14:14.447 [info] No remotes found in the git config file.
2024-06-25 11:14:14.448 [info] > git check-ignore -v -z --stdin [33ms]
2024-06-25 11:14:14.463 [info] > git for-each-ref --format=%(refname)%00%(upstream:short)%00%(objectname)%00%(upstream:track)%00%(upstream:remotename)%00%(upstream:remoteref) refs/heads/master refs/remotes/master [17ms]
2024-06-25 11:14:14.463 [warning] No such branch: master.
2024-06-25 11:14:14.542 [info] > git show --textconv :elk-stack/templates/serviceaccount.yaml [10ms]
2024-06-25 11:14:14.542 [info] > git ls-files --stage -- /home/ubuntu/elk-stack/templates/serviceaccount.yaml [7ms]
2024-06-25 11:14:14.551 [info] > git status -z -uall [74ms]
2024-06-25 11:14:17.025 [info] No remotes found in the git config file.
2024-06-25 11:14:17.026 [info] > git config --get commit.template [16ms]
2024-06-25 11:14:17.030 [info] > git for-each-ref --format=%(refname)%00%(upstream:short)%00%(objectname)%00%(upstream:track)%00%(upstream:remotename)%00%(upstream:remoteref) refs/heads/master refs/remotes/master [6ms]
2024-06-25 11:14:17.030 [warning] No such branch: master.
2024-06-25 11:14:17.166 [info] > git status -z -uall [127ms]
2024-06-25 11:14:22.361 [info] No remotes found in the git config file.
2024-06-25 11:14:22.363 [info] > git config --get commit.template [14ms]
2024-06-25 11:14:22.363 [info] > git for-each-ref --format=%(refname)%00%(upstream:short)%00%(objectname)%00%(upstream:track)%00%(upstream:remotename)%00%(upstream:remoteref) refs/heads/master refs/remotes/master [3ms]
2024-06-25 11:14:22.364 [warning] No such branch: master.
2024-06-25 11:14:22.431 [info] > git status -z -uall [63ms]
2024-06-25 11:14:33.317 [info] No remotes found in the git config file.
2024-06-25 11:14:33.318 [info] > git config --get commit.template [15ms]
2024-06-25 11:14:33.328 [info] > git for-each-ref --format=%(refname)%00%(upstream:short)%00%(objectname)%00%(upstream:track)%00%(upstream:remotename)%00%(upstream:remoteref) refs/heads/master refs/remotes/master [12ms]
2024-06-25 11:14:33.328 [warning] No such branch: master.
2024-06-25 11:14:33.534 [info] > git status -z -uall [184ms]
