2024-06-22 22:05:21.456 [info] Log level: Info
2024-06-22 22:05:21.456 [info] Validating found git in: "git"
2024-06-22 22:05:21.456 [info] Using git "2.34.1" from "git"
2024-06-22 22:05:21.456 [info] > git rev-parse --show-toplevel [30ms]
2024-06-22 22:05:21.456 [info] fatal: not a git repository (or any of the parent directories): .git
2024-06-22 22:05:21.456 [info] > git rev-parse --show-toplevel [2ms]
2024-06-22 22:05:21.456 [info] fatal: not a git repository (or any of the parent directories): .git
2024-06-22 22:05:21.456 [info] > git rev-parse --show-toplevel [1ms]
2024-06-22 22:05:21.456 [info] fatal: not a git repository (or any of the parent directories): .git
2024-06-22 22:05:21.456 [info] > git rev-parse --show-toplevel [1ms]
2024-06-22 22:05:21.456 [info] fatal: not a git repository (or any of the parent directories): .git
2024-06-22 22:05:21.456 [info] > git rev-parse --show-toplevel [1ms]
2024-06-22 22:05:21.456 [info] fatal: not a git repository (or any of the parent directories): .git
2024-06-22 22:05:21.456 [info] > git rev-parse --show-toplevel [2ms]
2024-06-22 22:05:21.456 [info] fatal: not a git repository (or any of the parent directories): .git
2024-06-22 22:05:21.456 [info] > git rev-parse --show-toplevel [2ms]
2024-06-22 22:05:21.456 [info] fatal: not a git repository (or any of the parent directories): .git
2024-06-22 22:05:21.456 [info] > git rev-parse --show-toplevel [2ms]
2024-06-22 22:05:21.456 [info] fatal: not a git repository (or any of the parent directories): .git
2024-06-22 22:05:21.456 [info] > git rev-parse --show-toplevel [2ms]
2024-06-22 22:05:21.456 [info] fatal: not a git repository (or any of the parent directories): .git
2024-06-22 22:15:40.770 [info] > git rev-parse --show-toplevel [2ms]
2024-06-22 22:15:40.770 [info] fatal: not a git repository (or any of the parent directories): .git
2024-06-22 22:15:41.136 [info] > git rev-parse --show-toplevel [2ms]
2024-06-22 22:15:41.137 [info] fatal: not a git repository (or any of the parent directories): .git
2024-06-22 22:15:44.521 [info] > git rev-parse --show-toplevel [2ms]
2024-06-22 22:15:44.522 [info] fatal: not a git repository (or any of the parent directories): .git
2024-06-22 22:15:45.581 [info] > git rev-parse --show-toplevel [2ms]
2024-06-22 22:15:45.581 [info] fatal: not a git repository (or any of the parent directories): .git
2024-06-22 22:15:49.999 [info] > git rev-parse --show-toplevel [10ms]
2024-06-22 22:15:49.999 [info] fatal: not a git repository (or any of the parent directories): .git
2024-06-22 22:15:51.089 [info] > git rev-parse --show-toplevel [0ms]
2024-06-22 22:15:51.089 [info] fatal: not a git repository (or any of the parent directories): .git
2024-06-22 22:15:54.727 [info] > git rev-parse --show-toplevel [12ms]
2024-06-22 22:15:54.727 [info] fatal: not a git repository (or any of the parent directories): .git
2024-06-22 22:15:55.914 [info] > git rev-parse --show-toplevel [1ms]
2024-06-22 22:15:55.914 [info] fatal: not a git repository (or any of the parent directories): .git
2024-06-22 22:16:15.148 [info] > git rev-parse --show-toplevel [6ms]
2024-06-22 22:16:15.148 [info] fatal: not a git repository (or any of the parent directories): .git
2024-06-22 22:22:10.399 [info] > git rev-parse --show-toplevel [3ms]
2024-06-22 22:22:10.399 [info] fatal: not a git repository (or any of the parent directories): .git
2024-06-22 22:22:37.845 [info] > git rev-parse --show-toplevel [2ms]
2024-06-22 22:22:37.845 [info] fatal: not a git repository (or any of the parent directories): .git
2024-06-22 22:30:17.950 [info] > git rev-parse --show-toplevel [2ms]
2024-06-22 22:30:17.950 [info] fatal: not a git repository (or any of the parent directories): .git
2024-06-22 22:30:30.824 [info] > git rev-parse --show-toplevel [4ms]
2024-06-22 22:30:30.824 [info] fatal: not a git repository (or any of the parent directories): .git
2024-06-22 22:30:41.858 [info] > git rev-parse --show-toplevel [6ms]
2024-06-22 22:30:41.858 [info] fatal: not a git repository (or any of the parent directories): .git
2024-06-22 22:30:45.017 [info] > git rev-parse --show-toplevel [4ms]
2024-06-22 22:30:45.019 [info] fatal: not a git repository (or any of the parent directories): .git
2024-06-22 22:48:18.330 [info] > git rev-parse --show-toplevel [2ms]
2024-06-22 22:48:18.330 [info] fatal: not a git repository (or any of the parent directories): .git
2024-06-22 22:48:38.798 [info] > git rev-parse --show-toplevel [2ms]
2024-06-22 22:48:38.798 [info] fatal: not a git repository (or any of the parent directories): .git
2024-06-22 22:52:27.797 [info] > git rev-parse --show-toplevel [1ms]
2024-06-22 22:52:27.797 [info] fatal: not a git repository (or any of the parent directories): .git
