2024-06-13 14:24:04.518 [info] Log level: Info
2024-06-13 14:24:04.518 [info] Validating found git in: "git"
2024-06-13 14:24:04.518 [info] Using git "2.34.1" from "git"
2024-06-13 14:24:04.518 [info] > git rev-parse --show-toplevel [30ms]
2024-06-13 14:24:04.518 [info] fatal: not a git repository (or any of the parent directories): .git
2024-06-13 14:24:04.518 [info] > git rev-parse --show-toplevel [2ms]
2024-06-13 14:24:04.518 [info] fatal: not a git repository (or any of the parent directories): .git
2024-06-13 14:24:04.518 [info] > git rev-parse --show-toplevel [2ms]
2024-06-13 14:24:04.518 [info] fatal: not a git repository (or any of the parent directories): .git
2024-06-13 14:24:04.518 [info] > git rev-parse --show-toplevel [2ms]
2024-06-13 14:24:04.518 [info] fatal: not a git repository (or any of the parent directories): .git
2024-06-13 14:24:04.518 [info] > git rev-parse --show-toplevel [4ms]
2024-06-13 14:24:04.518 [info] fatal: not a git repository (or any of the parent directories): .git
2024-06-13 14:24:04.518 [info] > git rev-parse --show-toplevel [1ms]
2024-06-13 14:24:04.518 [info] fatal: not a git repository (or any of the parent directories): .git
2024-06-13 14:24:04.518 [info] > git rev-parse --show-toplevel [2ms]
2024-06-13 14:24:04.518 [info] fatal: not a git repository (or any of the parent directories): .git
2024-06-13 14:24:04.518 [info] > git rev-parse --show-toplevel [4ms]
2024-06-13 14:24:04.518 [info] fatal: not a git repository (or any of the parent directories): .git
2024-06-13 14:24:04.518 [info] > git rev-parse --show-toplevel [10ms]
2024-06-13 14:24:04.518 [info] fatal: not a git repository (or any of the parent directories): .git
2024-06-13 14:25:47.750 [info] > git rev-parse --show-toplevel [2ms]
2024-06-13 14:25:47.750 [info] fatal: not a git repository (or any of the parent directories): .git
2024-06-13 14:42:30.463 [info] > git rev-parse --show-toplevel [1ms]
2024-06-13 14:42:30.463 [info] fatal: not a git repository (or any of the parent directories): .git
2024-06-13 14:43:31.873 [info] > git rev-parse --show-toplevel [1ms]
2024-06-13 14:43:31.873 [info] fatal: not a git repository (or any of the parent directories): .git
2024-06-13 14:44:02.868 [info] > git rev-parse --show-toplevel [2ms]
2024-06-13 14:44:02.868 [info] fatal: not a git repository (or any of the parent directories): .git
2024-06-13 14:44:15.182 [info] > git rev-parse --show-toplevel [3ms]
2024-06-13 14:44:15.183 [info] fatal: not a git repository (or any of the parent directories): .git
2024-06-13 14:44:19.106 [info] > git rev-parse --show-toplevel [4ms]
2024-06-13 14:44:19.106 [info] fatal: not a git repository (or any of the parent directories): .git
2024-06-13 14:47:44.784 [info] > git rev-parse --show-toplevel [11ms]
2024-06-13 14:47:44.784 [info] fatal: not a git repository (or any of the parent directories): .git
2024-06-13 16:42:04.213 [info] > git rev-parse --show-toplevel [5ms]
2024-06-13 16:42:04.213 [info] fatal: not a git repository (or any of the parent directories): .git
2024-06-13 16:46:25.652 [info] > git rev-parse --show-toplevel [1ms]
2024-06-13 16:46:25.652 [info] fatal: not a git repository (or any of the parent directories): .git
2024-06-13 16:46:49.623 [info] > git rev-parse --show-toplevel [3ms]
2024-06-13 16:46:49.623 [info] fatal: not a git repository (or any of the parent directories): .git
