2024-06-22 23:01:38.717 [info] Log level: Info
2024-06-22 23:01:38.717 [info] Validating found git in: "git"
2024-06-22 23:01:38.717 [info] Using git "2.34.1" from "git"
2024-06-22 23:01:38.729 [info] > git rev-parse --show-toplevel [10ms]
2024-06-22 23:01:38.729 [info] fatal: not a git repository (or any of the parent directories): .git
2024-06-22 23:01:38.743 [info] > git rev-parse --show-toplevel [4ms]
2024-06-22 23:01:38.743 [info] fatal: not a git repository (or any of the parent directories): .git
2024-06-22 23:01:38.755 [info] > git rev-parse --show-toplevel [4ms]
2024-06-22 23:01:38.755 [info] fatal: not a git repository (or any of the parent directories): .git
2024-06-22 23:01:38.770 [info] > git rev-parse --show-toplevel [3ms]
2024-06-22 23:01:38.771 [info] fatal: not a git repository (or any of the parent directories): .git
2024-06-22 23:01:38.780 [info] > git rev-parse --show-toplevel [1ms]
2024-06-22 23:01:38.781 [info] fatal: not a git repository (or any of the parent directories): .git
2024-06-22 23:01:38.788 [info] > git rev-parse --show-toplevel [2ms]
2024-06-22 23:01:38.788 [info] fatal: not a git repository (or any of the parent directories): .git
2024-06-22 23:01:38.805 [info] > git rev-parse --show-toplevel [6ms]
2024-06-22 23:01:38.805 [info] fatal: not a git repository (or any of the parent directories): .git
2024-06-22 23:01:38.818 [info] > git rev-parse --show-toplevel [2ms]
2024-06-22 23:01:38.818 [info] fatal: not a git repository (or any of the parent directories): .git
2024-06-22 23:01:38.830 [info] > git rev-parse --show-toplevel [2ms]
2024-06-22 23:01:38.830 [info] fatal: not a git repository (or any of the parent directories): .git
