2024-06-12 13:30:51.857 [info] Log level: Info
2024-06-12 13:30:51.859 [info] Validating found git in: "git"
2024-06-12 13:30:51.860 [info] Using git "2.34.1" from "git"
2024-06-12 13:30:51.899 [info] > git rev-parse --show-toplevel [37ms]
2024-06-12 13:30:51.899 [info] fatal: not a git repository (or any of the parent directories): .git
2024-06-12 13:30:51.936 [info] > git rev-parse --show-toplevel [30ms]
2024-06-12 13:30:51.936 [info] fatal: not a git repository (or any of the parent directories): .git
2024-06-12 13:30:51.956 [info] > git rev-parse --show-toplevel [6ms]
2024-06-12 13:30:51.956 [info] fatal: not a git repository (or any of the parent directories): .git
2024-06-12 13:30:51.969 [info] > git rev-parse --show-toplevel [8ms]
2024-06-12 13:30:51.969 [info] fatal: not a git repository (or any of the parent directories): .git
2024-06-12 13:30:52.079 [info] > git rev-parse --show-toplevel [98ms]
2024-06-12 13:30:52.079 [info] fatal: not a git repository (or any of the parent directories): .git
2024-06-12 13:30:52.097 [info] > git rev-parse --show-toplevel [7ms]
2024-06-12 13:30:52.097 [info] fatal: not a git repository (or any of the parent directories): .git
2024-06-12 13:30:52.106 [info] > git rev-parse --show-toplevel [3ms]
2024-06-12 13:30:52.106 [info] fatal: not a git repository (or any of the parent directories): .git
2024-06-12 13:30:52.115 [info] > git rev-parse --show-toplevel [2ms]
2024-06-12 13:30:52.115 [info] fatal: not a git repository (or any of the parent directories): .git
2024-06-12 13:30:52.124 [info] > git rev-parse --show-toplevel [1ms]
2024-06-12 13:30:52.124 [info] fatal: not a git repository (or any of the parent directories): .git
2024-06-12 13:32:06.316 [info] > git rev-parse --show-toplevel [2ms]
2024-06-12 13:32:06.316 [info] fatal: not a git repository (or any of the parent directories): .git
2024-06-12 13:32:19.850 [info] > git rev-parse --show-toplevel [2ms]
2024-06-12 13:32:19.851 [info] fatal: not a git repository (or any of the parent directories): .git
2024-06-12 13:32:20.852 [info] > git rev-parse --show-toplevel [1ms]
2024-06-12 13:32:20.852 [info] fatal: not a git repository (or any of the parent directories): .git
2024-06-12 13:32:20.858 [info] > git rev-parse --show-toplevel [2ms]
2024-06-12 13:32:20.858 [info] fatal: not a git repository (or any of the parent directories): .git
2024-06-12 13:32:23.596 [info] > git rev-parse --show-toplevel [0ms]
2024-06-12 13:32:23.596 [info] fatal: not a git repository (or any of the parent directories): .git
2024-06-12 13:32:30.683 [info] > git rev-parse --show-toplevel [2ms]
2024-06-12 13:32:30.683 [info] fatal: not a git repository (or any of the parent directories): .git
2024-06-12 13:33:00.171 [info] > git rev-parse --show-toplevel [5ms]
2024-06-12 13:33:00.171 [info] fatal: not a git repository (or any of the parent directories): .git
2024-06-12 13:33:04.896 [info] > git rev-parse --show-toplevel [4ms]
2024-06-12 13:33:04.897 [info] fatal: not a git repository (or any of the parent directories): .git
2024-06-12 13:33:12.179 [info] > git rev-parse --show-toplevel [4ms]
2024-06-12 13:33:12.179 [info] fatal: not a git repository (or any of the parent directories): .git
2024-06-12 13:33:17.834 [info] > git rev-parse --show-toplevel [9ms]
2024-06-12 13:33:17.834 [info] fatal: not a git repository (or any of the parent directories): .git
2024-06-12 13:33:42.953 [info] > git rev-parse --show-toplevel [1ms]
2024-06-12 13:33:42.953 [info] fatal: not a git repository (or any of the parent directories): .git
2024-06-12 13:33:45.556 [info] > git rev-parse --show-toplevel [1ms]
2024-06-12 13:33:45.556 [info] fatal: not a git repository (or any of the parent directories): .git
2024-06-12 13:33:49.592 [info] > git rev-parse --show-toplevel [2ms]
2024-06-12 13:33:49.592 [info] fatal: not a git repository (or any of the parent directories): .git
2024-06-12 13:33:51.456 [info] > git rev-parse --show-toplevel [3ms]
2024-06-12 13:33:51.456 [info] fatal: not a git repository (or any of the parent directories): .git
2024-06-12 13:40:26.161 [info] > git rev-parse --show-toplevel [3ms]
2024-06-12 13:40:26.161 [info] fatal: not a git repository (or any of the parent directories): .git
2024-06-12 13:41:05.689 [info] > git rev-parse --show-toplevel [3ms]
2024-06-12 13:41:05.690 [info] fatal: not a git repository (or any of the parent directories): .git
2024-06-12 13:41:27.587 [info] > git rev-parse --show-toplevel [1ms]
2024-06-12 13:41:27.588 [info] fatal: not a git repository (or any of the parent directories): .git
2024-06-12 13:51:34.262 [info] > git rev-parse --show-toplevel [2ms]
2024-06-12 13:51:34.262 [info] fatal: not a git repository (or any of the parent directories): .git
2024-06-12 13:52:15.899 [info] > git rev-parse --show-toplevel [2ms]
2024-06-12 13:52:15.899 [info] fatal: not a git repository (or any of the parent directories): .git
2024-06-12 13:53:40.325 [info] > git rev-parse --show-toplevel [7ms]
2024-06-12 13:53:40.326 [info] fatal: not a git repository (or any of the parent directories): .git
2024-06-12 13:53:41.890 [info] > git rev-parse --show-toplevel [1ms]
2024-06-12 13:53:41.890 [info] fatal: not a git repository (or any of the parent directories): .git
2024-06-12 13:53:44.480 [info] > git rev-parse --show-toplevel [3ms]
2024-06-12 13:53:44.481 [info] fatal: not a git repository (or any of the parent directories): .git
2024-06-12 13:56:58.625 [info] > git rev-parse --show-toplevel [1ms]
2024-06-12 13:56:58.625 [info] fatal: not a git repository (or any of the parent directories): .git
2024-06-12 13:57:05.248 [info] > git rev-parse --show-toplevel [1ms]
2024-06-12 13:57:05.248 [info] fatal: not a git repository (or any of the parent directories): .git
2024-06-12 14:00:49.146 [info] > git rev-parse --show-toplevel [2ms]
2024-06-12 14:00:49.146 [info] fatal: not a git repository (or any of the parent directories): .git
2024-06-12 14:00:54.959 [info] > git rev-parse --show-toplevel [10ms]
2024-06-12 14:00:54.961 [info] fatal: not a git repository (or any of the parent directories): .git
2024-06-12 14:00:57.705 [info] > git rev-parse --show-toplevel [5ms]
2024-06-12 14:00:57.706 [info] fatal: not a git repository (or any of the parent directories): .git
2024-06-12 14:01:57.666 [info] > git rev-parse --show-toplevel [2ms]
2024-06-12 14:01:57.666 [info] fatal: not a git repository (or any of the parent directories): .git
2024-06-12 14:04:14.785 [info] > git rev-parse --show-toplevel [3ms]
2024-06-12 14:04:14.785 [info] fatal: not a git repository (or any of the parent directories): .git
2024-06-12 14:04:20.158 [info] > git rev-parse --show-toplevel [2ms]
2024-06-12 14:04:20.158 [info] fatal: not a git repository (or any of the parent directories): .git
2024-06-12 14:13:02.717 [info] > git rev-parse --show-toplevel [6ms]
2024-06-12 14:13:02.717 [info] fatal: not a git repository (or any of the parent directories): .git
2024-06-12 14:13:03.338 [info] > git rev-parse --show-toplevel [2ms]
2024-06-12 14:13:03.338 [info] fatal: not a git repository (or any of the parent directories): .git
2024-06-12 14:31:05.502 [info] > git rev-parse --show-toplevel [4ms]
2024-06-12 14:31:05.503 [info] fatal: not a git repository (or any of the parent directories): .git
2024-06-12 14:31:08.662 [info] > git rev-parse --show-toplevel [2ms]
2024-06-12 14:31:08.662 [info] fatal: not a git repository (or any of the parent directories): .git
2024-06-12 14:33:39.163 [info] > git rev-parse --show-toplevel [2ms]
2024-06-12 14:33:39.163 [info] fatal: not a git repository (or any of the parent directories): .git
2024-06-12 14:34:02.026 [info] > git rev-parse --show-toplevel [2ms]
2024-06-12 14:34:02.026 [info] fatal: not a git repository (or any of the parent directories): .git
2024-06-12 14:37:34.203 [info] > git rev-parse --show-toplevel [2ms]
2024-06-12 14:37:34.203 [info] fatal: not a git repository (or any of the parent directories): .git
2024-06-12 14:37:44.923 [info] > git rev-parse --show-toplevel [2ms]
2024-06-12 14:37:44.923 [info] fatal: not a git repository (or any of the parent directories): .git
2024-06-12 14:37:46.110 [info] > git rev-parse --show-toplevel [1ms]
2024-06-12 14:37:46.110 [info] fatal: not a git repository (or any of the parent directories): .git
2024-06-12 14:37:49.267 [info] > git rev-parse --show-toplevel [1ms]
2024-06-12 14:37:49.267 [info] fatal: not a git repository (or any of the parent directories): .git
2024-06-12 14:37:52.062 [info] > git rev-parse --show-toplevel [1ms]
2024-06-12 14:37:52.063 [info] fatal: not a git repository (or any of the parent directories): .git
2024-06-12 15:08:29.476 [info] > git rev-parse --show-toplevel [5ms]
2024-06-12 15:08:29.477 [info] fatal: not a git repository (or any of the parent directories): .git
2024-06-12 15:09:01.751 [info] > git rev-parse --show-toplevel [5ms]
2024-06-12 15:09:01.751 [info] fatal: not a git repository (or any of the parent directories): .git
2024-06-12 15:09:25.206 [info] > git rev-parse --show-toplevel [2ms]
2024-06-12 15:09:25.206 [info] fatal: not a git repository (or any of the parent directories): .git
2024-06-12 15:11:28.127 [info] > git rev-parse --show-toplevel [5ms]
2024-06-12 15:11:28.127 [info] fatal: not a git repository (or any of the parent directories): .git
2024-06-12 15:16:21.618 [info] > git rev-parse --show-toplevel [4ms]
2024-06-12 15:16:21.618 [info] fatal: not a git repository (or any of the parent directories): .git
2024-06-12 15:17:11.069 [info] > git rev-parse --show-toplevel [3ms]
2024-06-12 15:17:11.069 [info] fatal: not a git repository (or any of the parent directories): .git
2024-06-12 15:20:24.836 [info] > git rev-parse --show-toplevel [2ms]
2024-06-12 15:20:24.836 [info] fatal: not a git repository (or any of the parent directories): .git
2024-06-12 15:21:45.378 [info] > git rev-parse --show-toplevel [9ms]
2024-06-12 15:21:45.379 [info] fatal: not a git repository (or any of the parent directories): .git
2024-06-12 15:22:38.308 [info] > git rev-parse --show-toplevel [3ms]
2024-06-12 15:22:38.308 [info] fatal: not a git repository (or any of the parent directories): .git
2024-06-12 15:27:34.949 [info] > git rev-parse --show-toplevel [1ms]
2024-06-12 15:27:34.950 [info] fatal: not a git repository (or any of the parent directories): .git
2024-06-12 15:28:50.134 [info] > git rev-parse --show-toplevel [4ms]
2024-06-12 15:28:50.134 [info] fatal: not a git repository (or any of the parent directories): .git
2024-06-12 15:28:52.323 [info] > git rev-parse --show-toplevel [1ms]
2024-06-12 15:28:52.323 [info] fatal: not a git repository (or any of the parent directories): .git
2024-06-12 15:34:02.376 [info] > git rev-parse --show-toplevel [4ms]
2024-06-12 15:34:02.376 [info] fatal: not a git repository (or any of the parent directories): .git
2024-06-12 15:35:36.564 [info] > git rev-parse --show-toplevel [1ms]
2024-06-12 15:35:36.564 [info] fatal: not a git repository (or any of the parent directories): .git
2024-06-12 15:38:38.768 [info] > git rev-parse --show-toplevel [4ms]
2024-06-12 15:38:38.768 [info] fatal: not a git repository (or any of the parent directories): .git
